### 08.02.2021 23:28:25
Array
(
    [0] => Array
        (
            [username] => admin
            [password] => $2y$10$0/wN6h8DVZeZQEWQ/HJlYeaOH4rMxD1JVMdqHvixwzjNQng/rVYeu
        )

)



### 08.02.2021 23:28:26
Array
(
    [0] => Array
        (
            [username] => admin
            [password] => $2y$10$0/wN6h8DVZeZQEWQ/HJlYeaOH4rMxD1JVMdqHvixwzjNQng/rVYeu
        )

)



### 08.02.2021 23:28:27
Array
(
    [0] => Array
        (
            [username] => admin
            [password] => $2y$10$0/wN6h8DVZeZQEWQ/HJlYeaOH4rMxD1JVMdqHvixwzjNQng/rVYeu
        )

)



### 08.02.2021 23:28:27
Array
(
    [0] => Array
        (
            [username] => admin
            [password] => $2y$10$0/wN6h8DVZeZQEWQ/HJlYeaOH4rMxD1JVMdqHvixwzjNQng/rVYeu
        )

)



### 08.02.2021 23:28:28
Array
(
    [0] => Array
        (
            [username] => admin
            [password] => $2y$10$0/wN6h8DVZeZQEWQ/HJlYeaOH4rMxD1JVMdqHvixwzjNQng/rVYeu
        )

)



### 08.02.2021 23:28:28
Array
(
    [0] => Array
        (
            [username] => admin
            [password] => $2y$10$0/wN6h8DVZeZQEWQ/HJlYeaOH4rMxD1JVMdqHvixwzjNQng/rVYeu
        )

)



