### 02.02.2021 01:34:14
Array
(
    [0] => 
    [1] => gallery
)



### 02.02.2021 01:34:14
Array
(
    [0] => 
    [1] => favicon.ico
)



### 02.02.2021 01:34:15
Array
(
    [0] => 
    [1] => 
)



### 02.02.2021 01:34:15
Array
(
    [0] => 
    [1] => favicon.ico
)



### 02.02.2021 01:48:00
Array
(
    [0] => 
    [1] => 
)



### 02.02.2021 01:48:00
Array
(
    [0] => 
    [1] => favicon.ico
)



### 02.02.2021 01:48:44
Array
(
    [0] => 
    [1] => gallery
)



### 02.02.2021 01:48:44
Array
(
    [0] => 
    [1] => favicon.ico
)



### 02.02.2021 01:54:01
Array
(
    [0] => 
    [1] => 
)



### 02.02.2021 01:54:01
Array
(
    [0] => 
    [1] => favicon.ico
)



### 02.02.2021 01:54:02
Array
(
    [0] => 
    [1] => gallery
)



### 02.02.2021 01:54:02
Array
(
    [0] => 
    [1] => favicon.ico
)



### 02.02.2021 01:54:56
Array
(
    [0] => 
    [1] => 
)



### 02.02.2021 01:54:56
Array
(
    [0] => 
    [1] => favicon.ico
)



### 02.02.2021 01:54:57
Array
(
    [0] => 
    [1] => 
)



### 02.02.2021 01:54:58
Array
(
    [0] => 
    [1] => favicon.ico
)



### 02.02.2021 01:54:59
Array
(
    [0] => 
    [1] => gallery
)



### 02.02.2021 01:54:59
Array
(
    [0] => 
    [1] => favicon.ico
)



### 02.02.2021 01:55:01
Array
(
    [0] => 
    [1] => 
)



### 02.02.2021 01:55:01
Array
(
    [0] => 
    [1] => favicon.ico
)



